[SNIPER] Start
[SNIPER] --------------------------------------------------------------------------------
[SNIPER] Sniper using SIFT/trace-driven frontend
[SNIPER] Running pre-ROI region in  CACHE_ONLY mode
[SNIPER] Running application ROI in DETAILED mode
[SNIPER] Running post-ROI region in FAST_FORWARD mode
[SNIPER] --------------------------------------------------------------------------------
[SNIPER] Enabling performance models
[SNIPER] Setting instrumentation mode to DETAILED
[SNIPER] Disabling performance models
[SNIPER] Leaving ROI after 38.68 seconds
[SNIPER] Simulated 76.8M instructions, 12.8M cycles, 6.00 IPC
[SNIPER] Simulation speed 1986.2 KIPS (496.6 KIPS / target core - 2013.9ns/instr)
[SNIPER] Sampling: executed 98.40% of simulated time in detailed mode
[SNIPER] Setting instrumentation mode to FAST_FORWARD
[TRACE:1] -- DONE --
[TRACE:4] -- STOP --
[TRACE:3] -- STOP --
[TRACE:2] -- STOP --
[SNIPER] End
[SNIPER] Elapsed time: 42.04 seconds
