[SNIPER] Start
[SNIPER] --------------------------------------------------------------------------------
[SNIPER] Sniper using SIFT/trace-driven frontend
[SNIPER] Running pre-ROI region in  CACHE_ONLY mode
[SNIPER] Running application ROI in DETAILED mode
[SNIPER] Running post-ROI region in FAST_FORWARD mode
[SNIPER] --------------------------------------------------------------------------------
[SNIPER] Enabling performance models
[SNIPER] Setting instrumentation mode to DETAILED
[SNIPER] Disabling performance models
[SNIPER] Leaving ROI after 92.69 seconds
[SNIPER] Simulated 11.1M instructions, 7.5M cycles, 1.49 IPC
[SNIPER] Simulation speed 120.0 KIPS (7.5 KIPS / target core - 133350.0ns/instr)
[SNIPER] Sampling: executed 96.16% of simulated time in detailed mode
[SNIPER] Setting instrumentation mode to FAST_FORWARD
[TRACE:1] -- DONE --
[TRACE:5] -- STOP --
[TRACE:6] -- STOP --
[TRACE:9] -- STOP --
[TRACE:14] -- STOP --
[TRACE:3] -- STOP --
[TRACE:2] -- STOP --
[TRACE:4] -- STOP --
[TRACE:12] -- STOP --
[TRACE:11] -- STOP --
[TRACE:15] -- STOP --
[TRACE:16] -- STOP --
[TRACE:8] -- STOP --
[SNIPER] End
[SNIPER] Elapsed time: 96.10 seconds
