[SNIPER] Start
[SNIPER] --------------------------------------------------------------------------------
[SNIPER] Sniper using SIFT/trace-driven frontend
[SNIPER] Running pre-ROI region in  CACHE_ONLY mode
[SNIPER] Running application ROI in DETAILED mode
[SNIPER] Running post-ROI region in FAST_FORWARD mode
[SNIPER] --------------------------------------------------------------------------------
[SNIPER] Enabling performance models
[SNIPER] Setting instrumentation mode to DETAILED
[SNIPER] Disabling performance models
[SNIPER] Leaving ROI after 19.21 seconds
[SNIPER] Simulated 11.2M instructions, 50.6M cycles, 0.22 IPC
[SNIPER] Simulation speed 580.6 KIPS (72.6 KIPS / target core - 13778.5ns/instr)
[SNIPER] Sampling: executed 94.68% of simulated time in detailed mode
[SNIPER] Setting instrumentation mode to FAST_FORWARD
[TRACE:4] -- STOP --
[TRACE:1] -- DONE --
[TRACE:7] -- STOP --
[TRACE:5] -- STOP --
[TRACE:8] -- STOP --
[TRACE:2] -- STOP --
[TRACE:3] -- STOP --
[TRACE:6] -- STOP --
[SNIPER] End
[SNIPER] Elapsed time: 22.57 seconds
