[SNIPER] Start
[SNIPER] --------------------------------------------------------------------------------
[SNIPER] Sniper using SIFT/trace-driven frontend
[SNIPER] Running pre-ROI region in  CACHE_ONLY mode
[SNIPER] Running application ROI in DETAILED mode
[SNIPER] Running post-ROI region in FAST_FORWARD mode
[SNIPER] --------------------------------------------------------------------------------
[SNIPER] Enabling performance models
[SNIPER] Setting instrumentation mode to DETAILED
[SNIPER] Disabling performance models
[SNIPER] Leaving ROI after 4.97 seconds
[SNIPER] Simulated 1.3M instructions, 1.1M cycles, 1.17 IPC
[SNIPER] Simulation speed 251.9 KIPS (31.5 KIPS / target core - 31760.1ns/instr)
[SNIPER] Sampling: executed 78.75% of simulated time in detailed mode
[SNIPER] Setting instrumentation mode to FAST_FORWARD
[TRACE:1] -- DONE --
[TRACE:6] -- STOP --
[TRACE:8] -- STOP --
[TRACE:5] -- STOP --
[TRACE:4] -- STOP --
[SNIPER] End
[SNIPER] Elapsed time: 8.15 seconds
