[SNIPER] Start
[SNIPER] --------------------------------------------------------------------------------
[SNIPER] Sniper using SIFT/trace-driven frontend
[SNIPER] Running pre-ROI region in  CACHE_ONLY mode
[SNIPER] Running application ROI in DETAILED mode
[SNIPER] Running post-ROI region in FAST_FORWARD mode
[SNIPER] --------------------------------------------------------------------------------
[SNIPER] Enabling performance models
[SNIPER] Setting instrumentation mode to DETAILED
[SNIPER] Disabling performance models
[SNIPER] Leaving ROI after 0.60 seconds
[SNIPER] Simulated 0.3M instructions, 0.7M cycles, 0.50 IPC
[SNIPER] Simulation speed 574.3 KIPS (143.6 KIPS / target core - 6964.7ns/instr)
[SNIPER] Sampling: executed 22.60% of simulated time in detailed mode
[SNIPER] Setting instrumentation mode to FAST_FORWARD
[TRACE:1] -- DONE --
[TRACE:4] -- STOP --
[TRACE:2] -- STOP --
[SNIPER] End
[SNIPER] Elapsed time: 3.81 seconds
