                                     | Core 0     | Core 1     | Core 2     | Core 3     | Core 4     | Core 5     | Core 6     | Core 7     | Core 8     | Core 9     | Core 10    | Core 11    | Core 12    | Core 13    | Core 14    | Core 15   
  Instructions                       |    6415560 |    6667258 |    6752148 |    6578951 |    6548500 |    5206371 |    6280387 |    6015620 |    6687328 |    6277266 |    6523649 |    6139759 |    6538128 |    5662524 |    6867791 |    6793519
  Cycles                             |    5136404 |    5136404 |    5136404 |    5136404 |    5136404 |    5136404 |    5136404 |    5136404 |    5136404 |    5136404 |    5136404 |    5136404 |    5136404 |    5136404 |    5136404 |    5136404
  IPC                                |       1.25 |       1.30 |       1.31 |       1.28 |       1.27 |       1.01 |       1.22 |       1.17 |       1.30 |       1.22 |       1.27 |       1.20 |       1.27 |       1.10 |       1.34 |       1.32
  Time (ns)                          |    1930979 |    1930979 |    1930979 |    1930979 |    1930979 |    1930979 |    1930979 |    1930979 |    1930979 |    1930979 |    1930979 |    1930979 |    1930979 |    1930979 |    1930979 |    1930979
  Idle time (ns)                     |     171593 |     126364 |     126268 |     160153 |     163153 |     517355 |     239371 |     300159 |      91201 |     259410 |     202863 |     311997 |     167002 |     400207 |      86846 |      82868
  Idle time (%)                      |       8.9% |       6.5% |       6.5% |       8.3% |       8.4% |      26.8% |      12.4% |      15.5% |       4.7% |      13.4% |      10.5% |      16.2% |       8.6% |      20.7% |       4.5% |       4.3%
Branch predictor stats               |            |            |            |            |            |            |            |            |            |            |            |            |            |            |            |           
  num correct                        |    1570735 |    1633652 |    1654851 |    1611548 |    1603958 |    1268462 |    1536920 |    1470736 |    1638648 |    1536146 |    1597737 |    1501754 |    1601348 |    1382451 |    1683757 |    1665180
  num incorrect                      |        162 |        168 |        179 |        188 |        172 |        136 |        181 |        174 |        188 |        172 |        179 |        184 |        191 |        179 |        190 |        202
  misprediction rate                 |      0.01% |      0.01% |      0.01% |      0.01% |      0.01% |      0.01% |      0.01% |      0.01% |      0.01% |      0.01% |      0.01% |      0.01% |      0.01% |      0.01% |      0.01% |      0.01%
  mpki                               |       0.03 |       0.03 |       0.03 |       0.03 |       0.03 |       0.03 |       0.03 |       0.03 |       0.03 |       0.03 |       0.03 |       0.03 |       0.03 |       0.03 |       0.03 |       0.03
TLB Summary                          |            |            |            |            |            |            |            |            |            |            |            |            |            |            |            |           
Cache Summary                        |            |            |            |            |            |            |            |            |            |            |            |            |            |            |            |           
  Cache L1-I                         |            |            |            |            |            |            |            |            |            |            |            |            |            |            |            |           
    num cache accesses               |      30050 |      30049 |      30077 |      30070 |      30047 |      30045 |      30051 |      30047 |      30053 |      30055 |      30051 |      30065 |      30045 |      30065 |      30065 |      30056
    num cache misses                 |         10 |         15 |         15 |         14 |         15 |         15 |         15 |         15 |         15 |         15 |         15 |         15 |         15 |         15 |         15 |         15
    miss rate                        |      0.03% |      0.05% |      0.05% |      0.05% |      0.05% |      0.05% |      0.05% |      0.05% |      0.05% |      0.05% |      0.05% |      0.05% |      0.05% |      0.05% |      0.05% |      0.05%
    mpki                             |       0.00 |       0.00 |       0.00 |       0.00 |       0.00 |       0.00 |       0.00 |       0.00 |       0.00 |       0.00 |       0.00 |       0.00 |       0.00 |       0.00 |       0.00 |       0.00
  Cache L1-D                         |            |            |            |            |            |            |            |            |            |            |            |            |            |            |            |           
    num cache accesses               |    3239825 |    3365677 |    3408115 |    3321518 |    3306298 |    2635233 |    3172240 |    3039858 |    3375711 |    3170679 |    3293870 |    3101923 |    3301113 |    2863305 |    3465939 |    3428805
    num cache misses                 |      21008 |      21282 |      21247 |      20824 |      20522 |      16178 |      19652 |      18732 |      22120 |      19085 |      19989 |      18582 |      20368 |      17368 |      21755 |      21741
    miss rate                        |      0.65% |      0.63% |      0.62% |      0.63% |      0.62% |      0.61% |      0.62% |      0.62% |      0.66% |      0.60% |      0.61% |      0.60% |      0.62% |      0.61% |      0.63% |      0.63%
    mpki                             |       3.27 |       3.19 |       3.15 |       3.17 |       3.13 |       3.11 |       3.13 |       3.11 |       3.31 |       3.04 |       3.06 |       3.03 |       3.12 |       3.07 |       3.17 |       3.20
  Cache L2                           |            |            |            |            |            |            |            |            |            |            |            |            |            |            |            |           
    num cache accesses               |      23352 |      23202 |      23166 |      22772 |      22410 |      18109 |      21533 |      20638 |      24373 |      21045 |      21894 |      20484 |      22260 |      19242 |      23531 |      23500
    num cache misses                 |      12052 |      12123 |      11766 |      11484 |      11911 |       9105 |      10960 |      10554 |      13243 |      10654 |      10886 |       9878 |      11687 |       9702 |      11994 |      12377
    miss rate                        |     51.61% |     52.25% |     50.79% |     50.43% |     53.15% |     50.28% |     50.90% |     51.14% |     54.33% |     50.62% |     49.72% |     48.22% |     52.50% |     50.42% |     50.97% |     52.67%
    mpki                             |       1.88 |       1.82 |       1.74 |       1.75 |       1.82 |       1.75 |       1.75 |       1.75 |       1.98 |       1.70 |       1.67 |       1.61 |       1.79 |       1.71 |       1.75 |       1.82
  Cache L3                           |            |            |            |            |            |            |            |            |            |            |            |            |            |            |            |           
    num cache accesses               |      14183 |      13746 |      13356 |      13123 |      13720 |      10900 |      12710 |      12319 |      15339 |      12352 |      12534 |      11500 |      13470 |      11442 |      13578 |      13958
    num cache misses                 |      10160 |      10776 |      10438 |      10147 |       9558 |       7602 |       9169 |       8995 |      10753 |       9354 |       9535 |       8645 |       9603 |       8033 |      10038 |      10352
    miss rate                        |     71.64% |     78.39% |     78.15% |     77.32% |     69.66% |     69.74% |     72.14% |     73.02% |     70.10% |     75.73% |     76.07% |     75.17% |     71.29% |     70.21% |     73.93% |     74.17%
    mpki                             |       1.58 |       1.62 |       1.55 |       1.54 |       1.46 |       1.46 |       1.46 |       1.50 |       1.61 |       1.49 |       1.46 |       1.41 |       1.47 |       1.42 |       1.46 |       1.52
DRAM summary                         |            |            |            |            |            |            |            |            |            |            |            |            |            |            |            |           
  num dram accesses                  |        100 |          0 |          0 |          0 |          0 |          0 |          0 |          0 |          0 |          0 |          0 |          0 |          0 |          0 |          0 |          0
  average dram access latency (ns)   |     164.79 |        inf |        inf |        inf |        inf |        inf |        inf |        inf |        inf |        inf |        inf |        inf |        inf |        inf |        inf |        inf
  average dram queueing delay        |     111.37 |       0.00 |       0.00 |       0.00 |       0.00 |       0.00 |       0.00 |       0.00 |       0.00 |       0.00 |       0.00 |       0.00 |       0.00 |       0.00 |       0.00 |       0.00
  average dram bandwidth utilization |      0.00% |      0.00% |      0.00% |      0.00% |      0.00% |      0.00% |      0.00% |      0.00% |      0.00% |      0.00% |      0.00% |      0.00% |      0.00% |      0.00% |      0.00% |      0.00%
Coherency Traffic                    |            |            |            |            |            |            |            |            |            |            |            |            |            |            |            |           
  num loads from dram                |          3 |          3 |          4 |          4 |          3 |          3 |          3 |          3 |          3 |          4 |          3 |          3 |          3 |          3 |          3 |          3
  num loads from dram cache          |          0 |          0 |          0 |          0 |          0 |          0 |          0 |          0 |          0 |          0 |          0 |          0 |          0 |          0 |          0 |          0
  num loads from remote cache        |       4600 |       3750 |       2772 |       2094 |       3816 |       2587 |       2952 |       2844 |       5146 |       3383 |       2797 |       2061 |       3748 |       2840 |       3268 |       3481
