[SNIPER] Start
[SNIPER] --------------------------------------------------------------------------------
[SNIPER] Sniper using SIFT/trace-driven frontend
[SNIPER] Running pre-ROI region in  CACHE_ONLY mode
[SNIPER] Running application ROI in DETAILED mode
[SNIPER] Running post-ROI region in FAST_FORWARD mode
[SNIPER] --------------------------------------------------------------------------------
[SNIPER] Enabling performance models
[SNIPER] Setting instrumentation mode to DETAILED
[SNIPER] Disabling performance models
[SNIPER] Leaving ROI after 58.81 seconds
[SNIPER] Simulated 102.0M instructions, 5.1M cycles, 19.85 IPC
[SNIPER] Simulation speed 1733.1 KIPS (108.3 KIPS / target core - 9232.2ns/instr)
[SNIPER] Sampling: executed 95.65% of simulated time in detailed mode
[SNIPER] Setting instrumentation mode to FAST_FORWARD
[TRACE:1] -- DONE --
[TRACE:7] -- STOP --
[TRACE:4] -- STOP --
[TRACE:6] -- STOP --
[TRACE:2] -- STOP --
[TRACE:13] -- STOP --
[TRACE:9] -- STOP --
[TRACE:14] -- STOP --
[TRACE:16] -- STOP --
[TRACE:11] -- STOP --
[TRACE:10] -- STOP --
[TRACE:12] -- STOP --
[TRACE:8] -- STOP --
[TRACE:5] -- STOP --
[TRACE:3] -- STOP --
[SNIPER] End
[SNIPER] Elapsed time: 62.45 seconds
