                                     | Core 0     | Core 1     | Core 2     | Core 3     | Core 4     | Core 5     | Core 6     | Core 7     | Core 8     | Core 9     | Core 10    | Core 11    | Core 12    | Core 13    | Core 14    | Core 15   
  Instructions                       |     225919 |     226361 |     225205 |     226040 |     226959 |     226141 |     226121 |     225041 |     225506 |     228021 |     225707 |     226386 |     226477 |     225424 |     226369 |     226148
  Cycles                             |    9742360 |    9742360 |    9742360 |    9742360 |    9742360 |    9742360 |    9742360 |    9742360 |    9742360 |    9742360 |    9742360 |    9742360 |    9742360 |    9742360 |    9742360 |    9742360
  IPC                                |       0.02 |       0.02 |       0.02 |       0.02 |       0.02 |       0.02 |       0.02 |       0.02 |       0.02 |       0.02 |       0.02 |       0.02 |       0.02 |       0.02 |       0.02 |       0.02
  Time (ns)                          |    3662542 |    3662542 |    3662542 |    3662542 |    3662542 |    3662542 |    3662542 |    3662542 |    3662542 |    3662542 |    3662542 |    3662542 |    3662542 |    3662542 |    3662542 |    3662542
  Idle time (ns)                     |    3437427 |    3437768 |    3441433 |    3438486 |    3436606 |    3441479 |    3436312 |    3439568 |    3441954 |    3441251 |    3442142 |    3442232 |    3440686 |    3442666 |    3442876 |    3438606
  Idle time (%)                      |      93.9% |      93.9% |      94.0% |      93.9% |      93.8% |      94.0% |      93.8% |      93.9% |      94.0% |      94.0% |      94.0% |      94.0% |      93.9% |      94.0% |      94.0% |      93.9%
Branch predictor stats               |            |            |            |            |            |            |            |            |            |            |            |            |            |            |            |           
  num correct                        |      19138 |      19087 |      19048 |      19130 |      19284 |      19183 |      19108 |      19057 |      19132 |      19407 |      19121 |      19122 |      19179 |      19032 |      19275 |      19110
  num incorrect                      |        528 |        540 |        527 |        543 |        559 |        553 |        529 |        541 |        533 |        540 |        553 |        542 |        536 |        553 |        559 |        536
  misprediction rate                 |      2.68% |      2.75% |      2.69% |      2.76% |      2.82% |      2.80% |      2.69% |      2.76% |      2.71% |      2.71% |      2.81% |      2.76% |      2.72% |      2.82% |      2.82% |      2.73%
  mpki                               |       2.34 |       2.39 |       2.34 |       2.40 |       2.46 |       2.45 |       2.34 |       2.40 |       2.36 |       2.37 |       2.45 |       2.39 |       2.37 |       2.45 |       2.47 |       2.37
TLB Summary                          |            |            |            |            |            |            |            |            |            |            |            |            |            |            |            |           
Cache Summary                        |            |            |            |            |            |            |            |            |            |            |            |            |            |            |            |           
  Cache L1-I                         |            |            |            |            |            |            |            |            |            |            |            |            |            |            |            |           
    num cache accesses               |      39626 |      39857 |      39553 |      39652 |      39714 |      39637 |      39752 |      39440 |      39471 |      39954 |      39533 |      39790 |      39721 |      39619 |      39512 |      39733
    num cache misses                 |         22 |         22 |         22 |         22 |         66 |         65 |         21 |         21 |         22 |         65 |         22 |         22 |         22 |         22 |         66 |         20
    miss rate                        |      0.06% |      0.06% |      0.06% |      0.06% |      0.17% |      0.16% |      0.05% |      0.05% |      0.06% |      0.16% |      0.06% |      0.06% |      0.06% |      0.06% |      0.17% |      0.05%
    mpki                             |       0.10 |       0.10 |       0.10 |       0.10 |       0.29 |       0.29 |       0.09 |       0.09 |       0.10 |       0.29 |       0.10 |       0.10 |       0.10 |       0.10 |       0.29 |       0.09
  Cache L1-D                         |            |            |            |            |            |            |            |            |            |            |            |            |            |            |            |           
    num cache accesses               |     140000 |     140231 |     139728 |     140054 |     140404 |     140096 |     140115 |     139626 |     139801 |     140852 |     139896 |     140217 |     140222 |     139832 |     140124 |     140109
    num cache misses                 |       5155 |       4891 |       4830 |       4846 |       4824 |       4739 |       4910 |       4746 |       5132 |       5034 |       4891 |       4908 |       4877 |       4748 |       4798 |       4917
    miss rate                        |      3.68% |      3.49% |      3.46% |      3.46% |      3.44% |      3.38% |      3.50% |      3.40% |      3.67% |      3.57% |      3.50% |      3.50% |      3.48% |      3.40% |      3.42% |      3.51%
    mpki                             |      22.82 |      21.61 |      21.45 |      21.44 |      21.25 |      20.96 |      21.71 |      21.09 |      22.76 |      22.08 |      21.67 |      21.68 |      21.53 |      21.06 |      21.20 |      21.74
  Cache L2                           |            |            |            |            |            |            |            |            |            |            |            |            |            |            |            |           
    num cache accesses               |       6390 |       5995 |       5885 |       5995 |       5941 |       5937 |       6079 |       5881 |       6362 |       6184 |       5994 |       6041 |       5973 |       5863 |       5922 |       5983
    num cache misses                 |       4280 |       4121 |       3988 |       4072 |       4134 |       4035 |       4173 |       4035 |       4206 |       4218 |       3962 |       4009 |       4097 |       3970 |       4140 |       4073
    miss rate                        |     66.98% |     68.74% |     67.77% |     67.92% |     69.58% |     67.96% |     68.65% |     68.61% |     66.11% |     68.21% |     66.10% |     66.36% |     68.59% |     67.71% |     69.91% |     68.08%
    mpki                             |      18.94 |      18.21 |      17.71 |      18.01 |      18.21 |      17.84 |      18.45 |      17.93 |      18.65 |      18.50 |      17.55 |      17.71 |      18.09 |      17.61 |      18.29 |      18.01
  Cache L3                           |            |            |            |            |            |            |            |            |            |            |            |            |            |            |            |           
    num cache accesses               |       5368 |       5047 |       4879 |       5055 |       5026 |       4986 |       5139 |       4982 |       5303 |       5159 |       4900 |       4952 |       5030 |       4917 |       5042 |       4945
    num cache misses                 |       3145 |       3068 |       2982 |       3172 |       3135 |       2970 |       3097 |       3025 |       3045 |       3154 |       2930 |       3039 |       2968 |       2929 |       2914 |       3001
    miss rate                        |     58.59% |     60.79% |     61.12% |     62.75% |     62.38% |     59.57% |     60.26% |     60.72% |     57.42% |     61.14% |     59.80% |     61.37% |     59.01% |     59.57% |     57.79% |     60.69%
    mpki                             |      13.92 |      13.55 |      13.24 |      14.03 |      13.81 |      13.13 |      13.70 |      13.44 |      13.50 |      13.83 |      12.98 |      13.42 |      13.11 |      12.99 |      12.87 |      13.27
DRAM summary                         |            |            |            |            |            |            |            |            |            |            |            |            |            |            |            |           
  num dram accesses                  |        284 |          0 |          0 |          0 |          0 |          0 |          0 |          0 |          0 |          0 |          0 |          0 |          0 |          0 |          0 |          0
  average dram access latency (ns)   |     187.20 |        inf |        inf |        inf |        inf |        inf |        inf |        inf |        inf |        inf |        inf |        inf |        inf |        inf |        inf |        inf
  average dram queueing delay        |     133.77 |       0.00 |       0.00 |       0.00 |       0.00 |       0.00 |       0.00 |       0.00 |       0.00 |       0.00 |       0.00 |       0.00 |       0.00 |       0.00 |       0.00 |       0.00
  average dram bandwidth utilization |      0.00% |      0.00% |      0.00% |      0.00% |      0.00% |      0.00% |      0.00% |      0.00% |      0.00% |      0.00% |      0.00% |      0.00% |      0.00% |      0.00% |      0.00% |      0.00%
Coherency Traffic                    |            |            |            |            |            |            |            |            |            |            |            |            |            |            |            |           
  num loads from dram                |          4 |          5 |          6 |          4 |         11 |          9 |          7 |          6 |          4 |         49 |          4 |          4 |          4 |          4 |         12 |          4
  num loads from dram cache          |          0 |          0 |          0 |          0 |          0 |          0 |          0 |          0 |          0 |          0 |          0 |          0 |          0 |          0 |          0 |          0
  num loads from remote cache        |       1418 |       1430 |       1375 |       1412 |       1423 |       1388 |       1420 |       1402 |       1404 |       1392 |       1367 |       1355 |       1409 |       1340 |       1361 |       1377
