[SNIPER] Start
[SNIPER] --------------------------------------------------------------------------------
[SNIPER] Sniper using SIFT/trace-driven frontend
[SNIPER] Running pre-ROI region in  CACHE_ONLY mode
[SNIPER] Running application ROI in DETAILED mode
[SNIPER] Running post-ROI region in FAST_FORWARD mode
[SNIPER] --------------------------------------------------------------------------------
[SNIPER] Enabling performance models
[SNIPER] Setting instrumentation mode to DETAILED
[SNIPER] Disabling performance models
[SNIPER] Leaving ROI after 13.00 seconds
[SNIPER] Simulated 3.6M instructions, 9.7M cycles, 0.37 IPC
[SNIPER] Simulation speed 278.1 KIPS (17.4 KIPS / target core - 57537.7ns/instr)
[SNIPER] Sampling: executed 73.69% of simulated time in detailed mode
[SNIPER] Setting instrumentation mode to FAST_FORWARD
[TRACE:1] -- DONE --
[TRACE:9] -- STOP --
[TRACE:14] -- STOP --
[TRACE:8] -- STOP --
[TRACE:7] -- STOP --
[TRACE:2] -- STOP --
[TRACE:16] -- STOP --
[TRACE:10] -- STOP --
[TRACE:6] -- STOP --
[SNIPER] End
[SNIPER] Elapsed time: 16.93 seconds
