[SNIPER] Start
[SNIPER] --------------------------------------------------------------------------------
[SNIPER] Sniper using SIFT/trace-driven frontend
[SNIPER] Running pre-ROI region in  CACHE_ONLY mode
[SNIPER] Running application ROI in DETAILED mode
[SNIPER] Running post-ROI region in FAST_FORWARD mode
[SNIPER] --------------------------------------------------------------------------------
[SNIPER] Enabling performance models
[SNIPER] Setting instrumentation mode to DETAILED
[SNIPER] Disabling performance models
[SNIPER] Leaving ROI after 473.20 seconds
[SNIPER] Simulated 1467.1M instructions, 52.6M cycles, 27.92 IPC
[SNIPER] Simulation speed 3100.3 KIPS (193.8 KIPS / target core - 5160.8ns/instr)
[SNIPER] Sampling: executed 99.58% of simulated time in detailed mode
[SNIPER] Setting instrumentation mode to FAST_FORWARD
[TRACE:1] -- DONE --
[TRACE:5] -- STOP --
[TRACE:9] -- STOP --
[TRACE:8] -- STOP --
[TRACE:14] -- STOP --
[TRACE:3] -- STOP --
[TRACE:13] -- STOP --
[TRACE:7] -- STOP --
[TRACE:4] -- STOP --
[TRACE:15] -- STOP --
[TRACE:10] -- STOP --
[SNIPER] End
[SNIPER] Elapsed time: 476.83 seconds
