                                     | Core 0     | Core 1     | Core 2     | Core 3     | Core 4     | Core 5     | Core 6     | Core 7     | Core 8     | Core 9     | Core 10    | Core 11    | Core 12    | Core 13    | Core 14    | Core 15   
  Instructions                       |     375284 |     385138 |     409476 |     379084 |     388115 |     415676 |     362305 |     376210 |     408232 |     390715 |     415693 |     399713 |     452943 |     387232 |     247526 |     425308
  Cycles                             |     996381 |     996381 |     996381 |     996381 |     996381 |     996381 |     996381 |     996381 |     996381 |     996381 |     996381 |     996381 |     996381 |     996381 |     996381 |     996381
  IPC                                |       0.38 |       0.39 |       0.41 |       0.38 |       0.39 |       0.42 |       0.36 |       0.38 |       0.41 |       0.39 |       0.42 |       0.40 |       0.45 |       0.39 |       0.25 |       0.43
  Time (ns)                          |     374580 |     374580 |     374580 |     374580 |     374580 |     374580 |     374580 |     374580 |     374580 |     374580 |     374580 |     374580 |     374580 |     374580 |     374580 |     374580
  Idle time (ns)                     |     103438 |     109326 |     106082 |     129635 |     128264 |      86622 |     156173 |     110340 |      87596 |     125363 |     107296 |     129059 |      84917 |     131141 |     235254 |      85217
  Idle time (%)                      |      27.6% |      29.2% |      28.3% |      34.6% |      34.2% |      23.1% |      41.7% |      29.5% |      23.4% |      33.5% |      28.6% |      34.5% |      22.7% |      35.0% |      62.8% |      22.8%
Branch predictor stats               |            |            |            |            |            |            |            |            |            |            |            |            |            |            |            |           
  num correct                        |      80745 |      83193 |      89289 |      81689 |      83941 |      90816 |      77506 |      80955 |      88974 |      84605 |      90842 |      86846 |     100145 |      83722 |      48816 |      93242
  num incorrect                      |         89 |         91 |         93 |         82 |         97 |        110 |         83 |        111 |         99 |         91 |         81 |         95 |        105 |         97 |         76 |         98
  misprediction rate                 |      0.11% |      0.11% |      0.10% |      0.10% |      0.12% |      0.12% |      0.11% |      0.14% |      0.11% |      0.11% |      0.09% |      0.11% |      0.10% |      0.12% |      0.16% |      0.10%
  mpki                               |       0.24 |       0.24 |       0.23 |       0.22 |       0.25 |       0.26 |       0.23 |       0.30 |       0.24 |       0.23 |       0.19 |       0.24 |       0.23 |       0.25 |       0.31 |       0.23
TLB Summary                          |            |            |            |            |            |            |            |            |            |            |            |            |            |            |            |           
Cache Summary                        |            |            |            |            |            |            |            |            |            |            |            |            |            |            |            |           
  Cache L1-I                         |            |            |            |            |            |            |            |            |            |            |            |            |            |            |            |           
    num cache accesses               |      13023 |      13025 |      13023 |      13023 |      13029 |      13025 |      13023 |      13021 |      13019 |      13021 |      13025 |      13019 |      13020 |      13026 |      13029 |      13023
    num cache misses                 |         12 |         15 |         15 |         15 |         15 |         15 |         15 |         15 |         15 |         13 |         15 |         15 |         15 |         15 |         15 |         15
    miss rate                        |      0.09% |      0.12% |      0.12% |      0.12% |      0.12% |      0.12% |      0.12% |      0.12% |      0.12% |      0.10% |      0.12% |      0.12% |      0.12% |      0.12% |      0.12% |      0.12%
    mpki                             |       0.03 |       0.04 |       0.04 |       0.04 |       0.04 |       0.04 |       0.04 |       0.04 |       0.04 |       0.03 |       0.04 |       0.04 |       0.03 |       0.04 |       0.06 |       0.04
  Cache L1-D                         |            |            |            |            |            |            |            |            |            |            |            |            |            |            |            |           
    num cache accesses               |     196691 |     201593 |     213791 |     198569 |     203106 |     216880 |     190205 |     197158 |     213170 |     204411 |     216874 |     208905 |     235527 |     202670 |     132814 |     221707
    num cache misses                 |       8070 |       7230 |       7592 |       6710 |       6527 |       7817 |       5764 |       7185 |       8641 |       6796 |       7348 |       6715 |       7722 |       6283 |       3701 |       7571
    miss rate                        |      4.10% |      3.59% |      3.55% |      3.38% |      3.21% |      3.60% |      3.03% |      3.64% |      4.05% |      3.32% |      3.39% |      3.21% |      3.28% |      3.10% |      2.79% |      3.41%
    mpki                             |      21.50 |      18.77 |      18.54 |      17.70 |      16.82 |      18.81 |      15.91 |      19.10 |      21.17 |      17.39 |      17.68 |      16.80 |      17.05 |      16.23 |      14.95 |      17.80
  Cache L2                           |            |            |            |            |            |            |            |            |            |            |            |            |            |            |            |           
    num cache accesses               |       9501 |       8484 |       8824 |       7979 |       7888 |       8965 |       7174 |       8397 |       9931 |       8142 |       8679 |       7963 |       8703 |       7551 |       5071 |       8645
    num cache misses                 |       5563 |       5501 |       5573 |       4991 |       5057 |       6091 |       4313 |       5433 |       6218 |       5082 |       5381 |       4878 |       5707 |       4963 |       2889 |       5684
    miss rate                        |     58.55% |     64.84% |     63.16% |     62.55% |     64.11% |     67.94% |     60.12% |     64.70% |     62.61% |     62.42% |     62.00% |     61.26% |     65.58% |     65.73% |     56.97% |     65.75%
    mpki                             |      14.82 |      14.28 |      13.61 |      13.17 |      13.03 |      14.65 |      11.90 |      14.44 |      15.23 |      13.01 |      12.94 |      12.20 |      12.60 |      12.82 |      11.67 |      13.36
  Cache L3                           |            |            |            |            |            |            |            |            |            |            |            |            |            |            |            |           
    num cache accesses               |       6774 |       6415 |       6459 |       5917 |       6168 |       6989 |       5477 |       6387 |       7336 |       6087 |       6339 |       5795 |       6412 |       5984 |       4013 |       6449
    num cache misses                 |       4279 |       4428 |       4672 |       4040 |       3914 |       4831 |       3385 |       4443 |       4567 |       4259 |       4583 |       4094 |       4372 |       3854 |       2259 |       4503
    miss rate                        |     63.17% |     69.03% |     72.33% |     68.28% |     63.46% |     69.12% |     61.80% |     69.56% |     62.25% |     69.97% |     72.30% |     70.65% |     68.18% |     64.41% |     56.29% |     69.82%
    mpki                             |      11.40 |      11.50 |      11.41 |      10.66 |      10.08 |      11.62 |       9.34 |      11.81 |      11.19 |      10.90 |      11.02 |      10.24 |       9.65 |       9.95 |       9.13 |      10.59
DRAM summary                         |            |            |            |            |            |            |            |            |            |            |            |            |            |            |            |           
  num dram accesses                  |        101 |          0 |          0 |          0 |          0 |          0 |          0 |          0 |          0 |          0 |          0 |          0 |          0 |          0 |          0 |          0
  average dram access latency (ns)   |     125.67 |        inf |        inf |        inf |        inf |        inf |        inf |        inf |        inf |        inf |        inf |        inf |        inf |        inf |        inf |        inf
  average dram queueing delay        |      72.24 |       0.00 |       0.00 |       0.00 |       0.00 |       0.00 |       0.00 |       0.00 |       0.00 |       0.00 |       0.00 |       0.00 |       0.00 |       0.00 |       0.00 |       0.00
  average dram bandwidth utilization |      0.00% |      0.00% |      0.00% |      0.00% |      0.00% |      0.00% |      0.00% |      0.00% |      0.00% |      0.00% |      0.00% |      0.00% |      0.00% |      0.00% |      0.00% |      0.00%
Coherency Traffic                    |            |            |            |            |            |            |            |            |            |            |            |            |            |            |            |           
  num loads from dram                |          3 |          3 |          3 |          4 |          3 |          3 |          4 |          3 |          3 |          3 |          6 |          3 |          3 |          3 |          5 |          3
  num loads from dram cache          |          0 |          0 |          0 |          0 |          0 |          0 |          0 |          0 |          0 |          0 |          0 |          0 |          0 |          0 |          0 |          0
  num loads from remote cache        |       1856 |       1638 |       1459 |       1101 |       1466 |       2063 |       1084 |       1382 |       2140 |       1587 |       1504 |       1126 |       1960 |       1602 |        716 |       1691
