[SNIPER] Start
[SNIPER] --------------------------------------------------------------------------------
[SNIPER] Sniper using SIFT/trace-driven frontend
[SNIPER] Running pre-ROI region in  CACHE_ONLY mode
[SNIPER] Running application ROI in DETAILED mode
[SNIPER] Running post-ROI region in FAST_FORWARD mode
[SNIPER] --------------------------------------------------------------------------------
[SNIPER] Enabling performance models
[SNIPER] Setting instrumentation mode to DETAILED
[SNIPER] Disabling performance models
[SNIPER] Leaving ROI after 13.50 seconds
[SNIPER] Simulated 6.2M instructions, 1.0M cycles, 6.24 IPC
[SNIPER] Simulation speed 460.5 KIPS (28.8 KIPS / target core - 34741.8ns/instr)
[SNIPER] Sampling: executed 77.22% of simulated time in detailed mode
[SNIPER] Setting instrumentation mode to FAST_FORWARD
[TRACE:1] -- DONE --
[TRACE:2] -- STOP --
[TRACE:4] -- STOP --
[TRACE:7] -- STOP --
[TRACE:10] -- STOP --
[TRACE:3] -- STOP --
[TRACE:12] -- STOP --
[TRACE:9] -- STOP --
[TRACE:14] -- STOP --
[TRACE:5] -- STOP --
[TRACE:8] -- STOP --
[SNIPER] End
[SNIPER] Elapsed time: 17.13 seconds
