[SNIPER] Start
[SNIPER] --------------------------------------------------------------------------------
[SNIPER] Sniper using SIFT/trace-driven frontend
[SNIPER] Running pre-ROI region in  CACHE_ONLY mode
[SNIPER] Running application ROI in DETAILED mode
[SNIPER] Running post-ROI region in FAST_FORWARD mode
[SNIPER] --------------------------------------------------------------------------------
[SNIPER] Enabling performance models
[SNIPER] Setting instrumentation mode to DETAILED
[SNIPER] Disabling performance models
[SNIPER] Leaving ROI after 0.83 seconds
[SNIPER] Simulated 0.7M instructions, 0.3M cycles, 2.13 IPC
[SNIPER] Simulation speed 817.1 KIPS (204.3 KIPS / target core - 4895.1ns/instr)
[SNIPER] Sampling: executed 33.61% of simulated time in detailed mode
[SNIPER] Setting instrumentation mode to FAST_FORWARD
[TRACE:1] -- DONE --
[TRACE:4] -- STOP --
[TRACE:2] -- STOP --
[SNIPER] End
[SNIPER] Elapsed time: 4.24 seconds
