[SNIPER] Start
[SNIPER] --------------------------------------------------------------------------------
[SNIPER] Sniper using SIFT/trace-driven frontend
[SNIPER] Running pre-ROI region in  CACHE_ONLY mode
[SNIPER] Running application ROI in DETAILED mode
[SNIPER] Running post-ROI region in FAST_FORWARD mode
[SNIPER] --------------------------------------------------------------------------------
[SNIPER] Enabling performance models
[SNIPER] Setting instrumentation mode to DETAILED
[SNIPER] Disabling performance models
[SNIPER] Leaving ROI after 1.26 seconds
[SNIPER] Simulated 0.8M instructions, 0.3M cycles, 2.54 IPC
[SNIPER] Simulation speed 669.9 KIPS (167.5 KIPS / target core - 5970.9ns/instr)
[SNIPER] Sampling: executed 33.55% of simulated time in detailed mode
[SNIPER] Setting instrumentation mode to FAST_FORWARD
[TRACE:1] -- DONE --
[TRACE:2] -- STOP --
[TRACE:3] -- STOP --
[SNIPER] End
[SNIPER] Elapsed time: 4.92 seconds
