[SNIPER] Start
[SNIPER] --------------------------------------------------------------------------------
[SNIPER] Sniper using SIFT/trace-driven frontend
[SNIPER] Running pre-ROI region in  CACHE_ONLY mode
[SNIPER] Running application ROI in DETAILED mode
[SNIPER] Running post-ROI region in FAST_FORWARD mode
[SNIPER] --------------------------------------------------------------------------------
[SNIPER] Enabling performance models
[SNIPER] Setting instrumentation mode to DETAILED
[SNIPER] Disabling performance models
[SNIPER] Leaving ROI after 0.84 seconds
[SNIPER] Simulated 0.4M instructions, 0.3M cycles, 1.21 IPC
[SNIPER] Simulation speed 436.2 KIPS (109.0 KIPS / target core - 9170.9ns/instr)
[SNIPER] Sampling: executed 19.77% of simulated time in detailed mode
[SNIPER] Setting instrumentation mode to FAST_FORWARD
[TRACE:1] -- DONE --
[TRACE:4] -- STOP --
[TRACE:2] -- STOP --
[TRACE:3] -- STOP --
[SNIPER] End
[SNIPER] Elapsed time: 4.13 seconds
