[SNIPER] Start
[SNIPER] --------------------------------------------------------------------------------
[SNIPER] Sniper using SIFT/trace-driven frontend
[SNIPER] Running pre-ROI region in  CACHE_ONLY mode
[SNIPER] Running application ROI in DETAILED mode
[SNIPER] Running post-ROI region in FAST_FORWARD mode
[SNIPER] --------------------------------------------------------------------------------
[SNIPER] Enabling performance models
[SNIPER] Setting instrumentation mode to DETAILED
[SNIPER] Disabling performance models
[SNIPER] Leaving ROI after 150.39 seconds
[SNIPER] Simulated 41.1M instructions, 29.6M cycles, 1.39 IPC
[SNIPER] Simulation speed 273.2 KIPS (34.2 KIPS / target core - 29277.6ns/instr)
[SNIPER] Sampling: executed 99.25% of simulated time in detailed mode
[SNIPER] Setting instrumentation mode to FAST_FORWARD
[TRACE:1] -- DONE --
[TRACE:8] -- STOP --
[TRACE:3] -- STOP --
[TRACE:2] -- STOP --
[TRACE:5] -- STOP --
[SNIPER] End
[SNIPER] Elapsed time: 153.82 seconds
