[SNIPER] Start
[SNIPER] --------------------------------------------------------------------------------
[SNIPER] Sniper using SIFT/trace-driven frontend
[SNIPER] Running pre-ROI region in  CACHE_ONLY mode
[SNIPER] Running application ROI in DETAILED mode
[SNIPER] Running post-ROI region in FAST_FORWARD mode
[SNIPER] --------------------------------------------------------------------------------
[SNIPER] Enabling performance models
[SNIPER] Setting instrumentation mode to DETAILED
[SNIPER] Disabling performance models
[SNIPER] Leaving ROI after 42.44 seconds
[SNIPER] Simulated 22.3M instructions, 101.4M cycles, 0.22 IPC
[SNIPER] Simulation speed 525.0 KIPS (32.8 KIPS / target core - 30475.6ns/instr)
[SNIPER] Sampling: executed 94.57% of simulated time in detailed mode
[SNIPER] Setting instrumentation mode to FAST_FORWARD
[TRACE:1] -- DONE --
[TRACE:13] -- STOP --
[TRACE:2] -- STOP --
[TRACE:3] -- STOP --
[TRACE:4] -- STOP --
[SNIPER] End
[SNIPER] Elapsed time: 45.99 seconds
