[SNIPER] Start
[SNIPER] --------------------------------------------------------------------------------
[SNIPER] Sniper using SIFT/trace-driven frontend
[SNIPER] Running pre-ROI region in  CACHE_ONLY mode
[SNIPER] Running application ROI in DETAILED mode
[SNIPER] Running post-ROI region in FAST_FORWARD mode
[SNIPER] --------------------------------------------------------------------------------
[SNIPER] Enabling performance models
[SNIPER] Setting instrumentation mode to DETAILED
[SNIPER] Disabling performance models
[SNIPER] Leaving ROI after 748.53 seconds
[SNIPER] Simulated 91.2M instructions, 60.3M cycles, 1.51 IPC
[SNIPER] Simulation speed 121.8 KIPS (7.6 KIPS / target core - 131388.7ns/instr)
[SNIPER] Sampling: executed 99.63% of simulated time in detailed mode
[SNIPER] Setting instrumentation mode to FAST_FORWARD
[TRACE:3] -- STOP --
[TRACE:10] -- STOP --
[TRACE:5] -- STOP --
[TRACE:1] -- DONE --
[TRACE:7] -- STOP --
[TRACE:8] -- STOP --
[TRACE:9] -- STOP --
[TRACE:4] -- STOP --
[TRACE:11] -- STOP --
[TRACE:13] -- STOP --
[TRACE:12] -- STOP --
[TRACE:15] -- STOP --
[TRACE:14] -- STOP --
[TRACE:16] -- STOP --
[TRACE:6] -- STOP --
[TRACE:2] -- STOP --
[SNIPER] End
[SNIPER] Elapsed time: 752.05 seconds
