[SNIPER] Start
[SNIPER] --------------------------------------------------------------------------------
[SNIPER] Sniper using SIFT/trace-driven frontend
[SNIPER] Running pre-ROI region in  CACHE_ONLY mode
[SNIPER] Running application ROI in DETAILED mode
[SNIPER] Running post-ROI region in FAST_FORWARD mode
[SNIPER] --------------------------------------------------------------------------------
[SNIPER] Enabling performance models
[SNIPER] Setting instrumentation mode to DETAILED
[SNIPER] Disabling performance models
[SNIPER] Leaving ROI after 6.31 seconds
[SNIPER] Simulated 2.2M instructions, 1.1M cycles, 2.03 IPC
[SNIPER] Simulation speed 341.0 KIPS (85.3 KIPS / target core - 11728.8ns/instr)
[SNIPER] Sampling: executed 79.20% of simulated time in detailed mode
[SNIPER] Setting instrumentation mode to FAST_FORWARD
[TRACE:1] -- DONE --
[TRACE:3] -- STOP --
[TRACE:2] -- STOP --
[SNIPER] End
[SNIPER] Elapsed time: 9.60 seconds
