[SNIPER] Start
[SNIPER] --------------------------------------------------------------------------------
[SNIPER] Sniper using SIFT/trace-driven frontend
[SNIPER] Running pre-ROI region in  CACHE_ONLY mode
[SNIPER] Running application ROI in DETAILED mode
[SNIPER] Running post-ROI region in FAST_FORWARD mode
[SNIPER] --------------------------------------------------------------------------------
[SNIPER] Enabling performance models
[SNIPER] Setting instrumentation mode to DETAILED
[SNIPER] Disabling performance models
[SNIPER] Leaving ROI after 538.73 seconds
[SNIPER] Simulated 1483.8M instructions, 52.7M cycles, 28.16 IPC
[SNIPER] Simulation speed 2754.2 KIPS (172.1 KIPS / target core - 5809.4ns/instr)
[SNIPER] Sampling: executed 99.60% of simulated time in detailed mode
[SNIPER] Setting instrumentation mode to FAST_FORWARD
[TRACE:1] -- DONE --
[TRACE:5] -- STOP --
[TRACE:9] -- STOP --
[TRACE:8] -- STOP --
[TRACE:7] -- STOP --
[TRACE:15] -- STOP --
[TRACE:16] -- STOP --
[TRACE:10] -- STOP --
[TRACE:11] -- STOP --
[SNIPER] End
[SNIPER] Elapsed time: 542.29 seconds
