[SNIPER] Start
[SNIPER] --------------------------------------------------------------------------------
[SNIPER] Sniper using SIFT/trace-driven frontend
[SNIPER] Running pre-ROI region in  CACHE_ONLY mode
[SNIPER] Running application ROI in DETAILED mode
[SNIPER] Running post-ROI region in FAST_FORWARD mode
[SNIPER] --------------------------------------------------------------------------------
[SNIPER] Enabling performance models
[SNIPER] Setting instrumentation mode to DETAILED
[SNIPER] Disabling performance models
[SNIPER] Leaving ROI after 83.24 seconds
[SNIPER] Simulated 9.7M instructions, 6.7M cycles, 1.44 IPC
[SNIPER] Simulation speed 116.5 KIPS (7.3 KIPS / target core - 137388.4ns/instr)
[SNIPER] Sampling: executed 96.74% of simulated time in detailed mode
[SNIPER] Setting instrumentation mode to FAST_FORWARD
[TRACE:3] -- STOP --
[TRACE:4] -- STOP --
[TRACE:1] -- DONE --
[TRACE:5] -- STOP --
[TRACE:6] -- STOP --
[TRACE:2] -- STOP --
[TRACE:15] -- STOP --
[TRACE:9] -- STOP --
[TRACE:16] -- STOP --
[TRACE:13] -- STOP --
[TRACE:10] -- STOP --
[TRACE:7] -- STOP --
[TRACE:12] -- STOP --
[TRACE:11] -- STOP --
[TRACE:14] -- STOP --
[SNIPER] End
[SNIPER] Elapsed time: 86.77 seconds
