[SNIPER] Start
[SNIPER] --------------------------------------------------------------------------------
[SNIPER] Sniper using SIFT/trace-driven frontend
[SNIPER] Running pre-ROI region in  CACHE_ONLY mode
[SNIPER] Running application ROI in DETAILED mode
[SNIPER] Running post-ROI region in FAST_FORWARD mode
[SNIPER] --------------------------------------------------------------------------------
[SNIPER] Enabling performance models
[SNIPER] Setting instrumentation mode to DETAILED
[SNIPER] Disabling performance models
[SNIPER] Leaving ROI after 132.57 seconds
[SNIPER] Simulated 341.3M instructions, 26.0M cycles, 13.14 IPC
[SNIPER] Simulation speed 2574.2 KIPS (321.8 KIPS / target core - 3107.8ns/instr)
[SNIPER] Sampling: executed 99.15% of simulated time in detailed mode
[SNIPER] Setting instrumentation mode to FAST_FORWARD
[TRACE:1] -- DONE --
[TRACE:2] -- STOP --
[TRACE:6] -- STOP --
[TRACE:5] -- STOP --
[TRACE:7] -- STOP --
[TRACE:8] -- STOP --
[TRACE:4] -- STOP --
[SNIPER] End
[SNIPER] Elapsed time: 135.90 seconds
