[SNIPER] Start
[SNIPER] --------------------------------------------------------------------------------
[SNIPER] Sniper using SIFT/trace-driven frontend
[SNIPER] Running pre-ROI region in  CACHE_ONLY mode
[SNIPER] Running application ROI in DETAILED mode
[SNIPER] Running post-ROI region in FAST_FORWARD mode
[SNIPER] --------------------------------------------------------------------------------
[SNIPER] Enabling performance models
[SNIPER] Setting instrumentation mode to DETAILED
[SNIPER] Disabling performance models
[SNIPER] Leaving ROI after 32.32 seconds
[SNIPER] Simulated 3.4M instructions, 2.6M cycles, 1.28 IPC
[SNIPER] Simulation speed 104.7 KIPS (6.5 KIPS / target core - 152831.3ns/instr)
[SNIPER] Sampling: executed 87.40% of simulated time in detailed mode
[SNIPER] Setting instrumentation mode to FAST_FORWARD
[TRACE:1] -- DONE --
[TRACE:5] -- STOP --
[TRACE:10] -- STOP --
[TRACE:3] -- STOP --
[TRACE:6] -- STOP --
[TRACE:9] -- STOP --
[SNIPER] End
[SNIPER] Elapsed time: 35.54 seconds
