[SNIPER] Start
[SNIPER] --------------------------------------------------------------------------------
[SNIPER] Sniper using SIFT/trace-driven frontend
[SNIPER] Running pre-ROI region in  CACHE_ONLY mode
[SNIPER] Running application ROI in DETAILED mode
[SNIPER] Running post-ROI region in FAST_FORWARD mode
[SNIPER] --------------------------------------------------------------------------------
[SNIPER] Enabling performance models
[SNIPER] Setting instrumentation mode to DETAILED
[SNIPER] Disabling performance models
[SNIPER] Leaving ROI after 65.68 seconds
[SNIPER] Simulated 27.2M instructions, 13.8M cycles, 1.97 IPC
[SNIPER] Simulation speed 413.9 KIPS (103.5 KIPS / target core - 9663.6ns/instr)
[SNIPER] Sampling: executed 98.42% of simulated time in detailed mode
[SNIPER] Setting instrumentation mode to FAST_FORWARD
[TRACE:1] -- DONE --
[TRACE:3] -- STOP --
[TRACE:4] -- STOP --
[SNIPER] End
[SNIPER] Elapsed time: 68.97 seconds
