[SNIPER] Start
[SNIPER] --------------------------------------------------------------------------------
[SNIPER] Sniper using SIFT/trace-driven frontend
[SNIPER] Running pre-ROI region in  CACHE_ONLY mode
[SNIPER] Running application ROI in DETAILED mode
[SNIPER] Running post-ROI region in FAST_FORWARD mode
[SNIPER] --------------------------------------------------------------------------------
[SNIPER] Enabling performance models
[SNIPER] Setting instrumentation mode to DETAILED
[SNIPER] Disabling performance models
[SNIPER] Leaving ROI after 35.77 seconds
[SNIPER] Simulated 75.8M instructions, 12.9M cycles, 5.88 IPC
[SNIPER] Simulation speed 2118.4 KIPS (529.6 KIPS / target core - 1888.2ns/instr)
[SNIPER] Sampling: executed 98.36% of simulated time in detailed mode
[SNIPER] Setting instrumentation mode to FAST_FORWARD
[TRACE:1] -- DONE --
[TRACE:2] -- STOP --
[TRACE:4] -- STOP --
[SNIPER] End
[SNIPER] Elapsed time: 39.02 seconds
