[SNIPER] Start
[SNIPER] --------------------------------------------------------------------------------
[SNIPER] Sniper using SIFT/trace-driven frontend
[SNIPER] Running pre-ROI region in  CACHE_ONLY mode
[SNIPER] Running application ROI in DETAILED mode
[SNIPER] Running post-ROI region in FAST_FORWARD mode
[SNIPER] --------------------------------------------------------------------------------
[SNIPER] Enabling performance models
[SNIPER] Setting instrumentation mode to DETAILED
[SNIPER] Disabling performance models
[SNIPER] Leaving ROI after 3.71 seconds
[SNIPER] Simulated 2.7M instructions, 0.6M cycles, 4.50 IPC
[SNIPER] Simulation speed 713.6 KIPS (89.2 KIPS / target core - 11210.3ns/instr)
[SNIPER] Sampling: executed 64.35% of simulated time in detailed mode
[SNIPER] Setting instrumentation mode to FAST_FORWARD
[TRACE:1] -- DONE --
[TRACE:7] -- STOP --
[TRACE:4] -- STOP --
[TRACE:6] -- STOP --
[SNIPER] End
[SNIPER] Elapsed time: 6.97 seconds
