[SNIPER] Start
[SNIPER] --------------------------------------------------------------------------------
[SNIPER] Sniper using SIFT/trace-driven frontend
[SNIPER] Running pre-ROI region in  CACHE_ONLY mode
[SNIPER] Running application ROI in DETAILED mode
[SNIPER] Running post-ROI region in FAST_FORWARD mode
[SNIPER] --------------------------------------------------------------------------------
[SNIPER] Enabling performance models
[SNIPER] Setting instrumentation mode to DETAILED
[SNIPER] Disabling performance models
[SNIPER] Leaving ROI after 14.23 seconds
[SNIPER] Simulated 26.8M instructions, 2.5M cycles, 10.62 IPC
[SNIPER] Simulation speed 1881.8 KIPS (235.2 KIPS / target core - 4251.2ns/instr)
[SNIPER] Sampling: executed 90.56% of simulated time in detailed mode
[SNIPER] Setting instrumentation mode to FAST_FORWARD
[TRACE:1] -- DONE --
[TRACE:8] -- STOP --
[TRACE:2] -- STOP --
[TRACE:7] -- STOP --
[TRACE:5] -- STOP --
[TRACE:4] -- STOP --
[SNIPER] End
[SNIPER] Elapsed time: 17.47 seconds
